1755132401.4553900 [INFO] [launch]: All log files can be found below /root/.ros/log/2025-08-14-00-46-41-453614-carter-v24-nav2-45
1755132401.4556346 [INFO] [launch]: Default logging verbosity is set to INFO
1755132401.6775672 [INFO] [launch.user]: Disabling vgl.
1755132401.9656518 [INFO] [launch.user]: Enabling correlated timestamp driver.
1755132402.0586858 [INFO] [launch.user]: Adding hawk driver 'front_stereo_camera'.
1755132402.0634456 [INFO] [launch.user]: Adding hawk driver 'left_stereo_camera'.
1755132402.0674119 [INFO] [launch.user]: Adding hawk driver 'right_stereo_camera'.
1755132402.0819361 [INFO] [launch.user]: Enabling wheel odometry: False
1755132402.0905740 [INFO] [launch.user]: Enabling joystick.
1755132402.1245840 [INFO] [launch.user]: Adding nodes [ /front_stereo_camera/left/rectify_node ] to container nova_container.
1755132402.1285343 [INFO] [launch.user]: Adding nodes [ /front_stereo_camera/right/rectify_node ] to container nova_container.
1755132402.1334496 [INFO] [launch.user]: Adding nodes [ /front_stereo_camera/ess_node, /front_stereo_camera/disparity_to_depth ] to container nova_container.
1755132402.1387227 [INFO] [launch.user]: Adding nodes [ /left_stereo_camera/left/rectify_node ] to container nova_container.
1755132402.1422455 [INFO] [launch.user]: Adding nodes [ /left_stereo_camera/right/rectify_node ] to container nova_container.
1755132402.1469975 [INFO] [launch.user]: Adding nodes [ /left_stereo_camera/ess_node, /left_stereo_camera/disparity_to_depth ] to container nova_container.
1755132402.1514709 [INFO] [launch.user]: Adding nodes [ /right_stereo_camera/left/rectify_node ] to container nova_container.
1755132402.1553335 [INFO] [launch.user]: Adding nodes [ /right_stereo_camera/right/rectify_node ] to container nova_container.
1755132402.1604187 [INFO] [launch.user]: Adding nodes [ /right_stereo_camera/ess_node, /right_stereo_camera/disparity_to_depth ] to container nova_container.
1755132402.1700993 [INFO] [launch.user]: Adding nodes [ /visual_slam_node ] to container nova_container.
1755132402.1707041 [INFO] [launch.user]: Enabling vslam for cameras 'front_stereo_camera,left_stereo_camera,right_stereo_camera'
1755132402.2038589 [INFO] [launch.user]: Adding nodes [ /nvblox_node ] to container nova_container.
1755132402.2044950 [INFO] [launch.user]: Enabling nvblox for cameras 'front_stereo_camera,left_stereo_camera,right_stereo_camera'
1755132402.2301178 [INFO] [robot_state_publisher-1]: process started with pid [73]
1755132402.2304752 [INFO] [joint_state_publisher-2]: process started with pid [75]
1755132402.2306421 [INFO] [nice-3]: process started with pid [77]
1755132402.2307875 [INFO] [joy_linux_node-4]: process started with pid [79]
1755132402.2309115 [INFO] [teleop_node-5]: process started with pid [81]
1755132402.2310319 [INFO] [teleop_node-6]: process started with pid [83]
1755132402.2311518 [INFO] [twist_mux-7]: process started with pid [85]
1755132402.2312641 [INFO] [foxglove_bridge-8]: process started with pid [87]
1755132402.2313762 [INFO] [component_container_mt-9]: process started with pid [89]
1755132402.2806487 [twist_mux-7] [INFO] [1755132402.280059678] [twist_mux.twist_mux]: Topic handler 'topics.joy' subscribed to topic '/joy/cmd_vel': timeout = 0.500000s , priority = 100.
1755132402.2881806 [teleop_node-6] [INFO] [1755132402.287568222] [TeleopTwistJoy]: Teleop enable button 6.
1755132402.2894828 [teleop_node-6] [INFO] [1755132402.289201598] [TeleopTwistJoy]: Turbo on button 7.
1755132402.2903111 [twist_mux-7] [INFO] [1755132402.289865342] [twist_mux.twist_mux]: Topic handler 'topics.nav2' subscribed to topic '/cmd_vel': timeout = 0.500000s , priority = 50.
1755132402.2911630 [teleop_node-6] [INFO] [1755132402.290937982] [TeleopTwistJoy]: Linear axis x on 1 at scale 0.700000.
1755132402.2919481 [teleop_node-6] [INFO] [1755132402.291748126] [TeleopTwistJoy]: Turbo for linear axis x is scale 1.500000.
1755132402.2934208 [teleop_node-6] [INFO] [1755132402.293180479] [TeleopTwistJoy]: Angular axis yaw on 2 at scale 0.400000.
1755132402.2941663 [teleop_node-6] [INFO] [1755132402.293956191] [TeleopTwistJoy]: Turbo for angular axis yaw is scale 1.000000.
1755132402.2990332 [twist_mux-7] [INFO] [1755132402.296074975] [twist_mux.twist_mux]: Topic handler 'topics.virtual_joy' subscribed to topic '/virtual_joy/cmd_vel': timeout = 0.500000s , priority = 60.
1755132402.3158586 [teleop_node-5] [INFO] [1755132402.314927231] [TeleopTwistJoy]: Teleop enable button 4.
1755132402.3162262 [teleop_node-5] [INFO] [1755132402.315014559] [TeleopTwistJoy]: Turbo on button 5.
1755132402.3164699 [teleop_node-5] [INFO] [1755132402.315024127] [TeleopTwistJoy]: Linear axis x on 1 at scale 0.700000.
1755132402.3165998 [teleop_node-5] [INFO] [1755132402.315035231] [TeleopTwistJoy]: Turbo for linear axis x is scale 1.500000.
1755132402.3176434 [teleop_node-5] [INFO] [1755132402.315040607] [TeleopTwistJoy]: Angular axis yaw on 2 at scale 0.400000.
1755132402.3178744 [teleop_node-5] [INFO] [1755132402.315044767] [TeleopTwistJoy]: Turbo for angular axis yaw is scale 1.000000.
1755132402.3250120 [joy_linux_node-4] [ERROR] [1755132402.312807967] [joy.joy_linux_node]: Couldn't open joystick /dev/input/js0. Will retry every second.
1755132402.3559327 [robot_state_publisher-1] [INFO] [1755132402.354620257] [robot_state_publisher]: got segment back_2d_lidar
1755132402.3561685 [robot_state_publisher-1] [INFO] [1755132402.354750753] [robot_state_publisher]: got segment back_fisheye_camera
1755132402.3562706 [robot_state_publisher-1] [INFO] [1755132402.354767137] [robot_state_publisher]: got segment back_fisheye_camera_optical
1755132402.3563545 [robot_state_publisher-1] [INFO] [1755132402.354775201] [robot_state_publisher]: got segment back_stereo_camera
1755132402.3564324 [robot_state_publisher-1] [INFO] [1755132402.354781633] [robot_state_publisher]: got segment back_stereo_camera_imu
1755132402.3567650 [robot_state_publisher-1] [INFO] [1755132402.354787393] [robot_state_publisher]: got segment back_stereo_camera_left
1755132402.3568637 [robot_state_publisher-1] [INFO] [1755132402.354792961] [robot_state_publisher]: got segment back_stereo_camera_left_optical
1755132402.3569646 [robot_state_publisher-1] [INFO] [1755132402.354798657] [robot_state_publisher]: got segment back_stereo_camera_right
1755132402.3571913 [robot_state_publisher-1] [INFO] [1755132402.354804225] [robot_state_publisher]: got segment back_stereo_camera_right_optical
1755132402.3573470 [robot_state_publisher-1] [INFO] [1755132402.354809921] [robot_state_publisher]: got segment base_link
1755132402.3574996 [robot_state_publisher-1] [INFO] [1755132402.354815553] [robot_state_publisher]: got segment chassis_imu
1755132402.3576581 [robot_state_publisher-1] [INFO] [1755132402.354821153] [robot_state_publisher]: got segment front_2d_lidar
1755132402.3577919 [robot_state_publisher-1] [INFO] [1755132402.354826977] [robot_state_publisher]: got segment front_3d_lidar
1755132402.3580389 [robot_state_publisher-1] [INFO] [1755132402.354832545] [robot_state_publisher]: got segment front_fisheye_camera
1755132402.3583708 [robot_state_publisher-1] [INFO] [1755132402.354838177] [robot_state_publisher]: got segment front_fisheye_camera_optical
1755132402.3586822 [robot_state_publisher-1] [INFO] [1755132402.354843873] [robot_state_publisher]: got segment front_stereo_camera
1755132402.3590772 [robot_state_publisher-1] [INFO] [1755132402.354849377] [robot_state_publisher]: got segment front_stereo_camera_imu
1755132402.3593028 [robot_state_publisher-1] [INFO] [1755132402.354854977] [robot_state_publisher]: got segment front_stereo_camera_left
1755132402.3595726 [robot_state_publisher-1] [INFO] [1755132402.354860705] [robot_state_publisher]: got segment front_stereo_camera_left_optical
1755132402.3597527 [robot_state_publisher-1] [INFO] [1755132402.354867521] [robot_state_publisher]: got segment front_stereo_camera_right
1755132402.3599050 [robot_state_publisher-1] [INFO] [1755132402.354873921] [robot_state_publisher]: got segment front_stereo_camera_right_optical
1755132402.3601329 [robot_state_publisher-1] [INFO] [1755132402.354879905] [robot_state_publisher]: got segment left_fisheye_camera
1755132402.3603213 [robot_state_publisher-1] [INFO] [1755132402.354885569] [robot_state_publisher]: got segment left_fisheye_camera_optical
1755132402.3604648 [robot_state_publisher-1] [INFO] [1755132402.354891233] [robot_state_publisher]: got segment left_stereo_camera
1755132402.3606536 [robot_state_publisher-1] [INFO] [1755132402.354896993] [robot_state_publisher]: got segment left_stereo_camera_imu
1755132402.3607988 [robot_state_publisher-1] [INFO] [1755132402.354902625] [robot_state_publisher]: got segment left_stereo_camera_left
1755132402.3608787 [robot_state_publisher-1] [INFO] [1755132402.354908001] [robot_state_publisher]: got segment left_stereo_camera_left_optical
1755132402.3611555 [robot_state_publisher-1] [INFO] [1755132402.354913569] [robot_state_publisher]: got segment left_stereo_camera_right
1755132402.3613710 [robot_state_publisher-1] [INFO] [1755132402.354919265] [robot_state_publisher]: got segment left_stereo_camera_right_optical
1755132402.3614509 [robot_state_publisher-1] [INFO] [1755132402.354924865] [robot_state_publisher]: got segment right_fisheye_camera
1755132402.3615742 [robot_state_publisher-1] [INFO] [1755132402.354930305] [robot_state_publisher]: got segment right_fisheye_camera_optical
1755132402.3617485 [robot_state_publisher-1] [INFO] [1755132402.354935873] [robot_state_publisher]: got segment right_stereo_camera
1755132402.3618915 [robot_state_publisher-1] [INFO] [1755132402.354941537] [robot_state_publisher]: got segment right_stereo_camera_imu
1755132402.3620117 [robot_state_publisher-1] [INFO] [1755132402.354947009] [robot_state_publisher]: got segment right_stereo_camera_left
1755132402.3621430 [robot_state_publisher-1] [INFO] [1755132402.354952353] [robot_state_publisher]: got segment right_stereo_camera_left_optical
1755132402.3622944 [robot_state_publisher-1] [INFO] [1755132402.354958177] [robot_state_publisher]: got segment right_stereo_camera_right
1755132402.3624353 [robot_state_publisher-1] [INFO] [1755132402.354963777] [robot_state_publisher]: got segment right_stereo_camera_right_optical
1755132402.4635494 [INFO] [launch_ros.actions.load_composable_nodes]: Loaded node '/correlated_timestamp_driver' in container 'nova_container'
1755132402.6874163 [joint_state_publisher-2] [INFO] [1755132402.686859181] [joint_state_publisher]: Waiting for robot_description to be published on the robot_description topic...
1755132403.2729437 [INFO] [launch_ros.actions.load_composable_nodes]: Loaded node '/front_stereo_camera/front_stereo_camera_node' in container 'nova_container'
1755132403.3399477 [nice-3] [INFO] [1755132403.339569149] [segway_rmp_container]: Load Library: /opt/ros/humble/lib/libsegway_rmp_node.so
1755132403.4048200 [nice-3] [INFO] [1755132403.404323774] [segway_rmp_container]: Found class: rclcpp_components::NodeFactoryTemplate<nvidia::isaac_ros::segway_rmp::SegwayRMPNode>
1755132403.4051628 [nice-3] [INFO] [1755132403.404421310] [segway_rmp_container]: Instantiate class: rclcpp_components::NodeFactoryTemplate<nvidia::isaac_ros::segway_rmp::SegwayRMPNode>
1755132403.4295783 [nice-3] [INFO] [1755132403.429044639] [chassis.segway_rmp]: [NitrosNode] Initializing NitrosNode
1755132403.4302785 [nice-3] [INFO] [1755132403.429430591] [NitrosContext]: [NitrosContext] Loading extension: gxf/lib/std/libgxf_std.so
1755132403.4308286 [nice-3] [INFO] [1755132403.430677087] [NitrosContext]: [NitrosContext] Loading extension: gxf/lib/libgxf_isaac_gxf_helpers.so
1755132403.4349949 [nice-3] [INFO] [1755132403.434809951] [NitrosContext]: [NitrosContext] Loading extension: gxf/lib/libgxf_isaac_sight.so
1755132403.4396951 [nice-3] [INFO] [1755132403.439506079] [NitrosContext]: [NitrosContext] Loading extension: gxf/lib/libgxf_isaac_atlas.so
1755132403.4433961 [nice-3] [33m2025-08-14 00:46:43.443 WARN  gxf/std/program.cpp@538: No GXF scheduler specified.[0m
1755132403.4480529 [nice-3] [INFO] [1755132403.447590655] [chassis.segway_rmp]: [NitrosNode] Starting NitrosNode
1755132403.4519787 [nice-3] [INFO] [1755132403.451745983] [chassis.segway_rmp]: [NitrosNode] Loading extensions
1755132403.4525011 [nice-3] [INFO] [1755132403.451883935] [chassis.segway_rmp]: [NitrosContext] Loading extension: gxf/lib/multimedia/libgxf_multimedia.so
1755132403.4551499 [nice-3] [INFO] [1755132403.454998783] [chassis.segway_rmp]: [NitrosContext] Loading extension: gxf/lib/libgxf_isaac_message_compositor.so
1755132403.4556649 [nice-3] [INFO] [1755132403.455526463] [chassis.segway_rmp]: [NitrosContext] Loading extension: gxf/lib/serialization/libgxf_serialization.so
1755132403.4598508 [nice-3] [INFO] [1755132403.459648127] [chassis.segway_rmp]: [NitrosContext] Loading extension: gxf/lib/libgxf_isaac_messages.so
1755132403.4607460 [nice-3] [INFO] [1755132403.460588991] [chassis.segway_rmp]: [NitrosContext] Loading extension: gxf/lib/libgxf_isaac_segway.so
1755132403.4614193 [nice-3] [INFO] [1755132403.461281407] [chassis.segway_rmp]: [NitrosNode] Loading graph to the optimizer
1755132403.4642727 [nice-3] [INFO] [1755132403.464100351] [chassis.segway_rmp]: [NitrosNode] Running optimization
1755132403.4782748 [nice-3] [INFO] [1755132403.477925408] [chassis.segway_rmp]: [NitrosNode] Obtaining graph IO group info from the optimizer
1755132403.4993505 [nice-3] [INFO] [1755132403.498836000] [chassis.segway_rmp]: [NitrosNode] Starting negotiation...
1755132403.5059357 [INFO] [launch_ros.actions.load_composable_nodes]: Loaded node '/chassis/segway_rmp' in container '/segway_rmp_container'
1755132404.0070870 [INFO] [launch_ros.actions.load_composable_nodes]: Loaded node '/left_stereo_camera/left_stereo_camera_node' in container 'nova_container'
1755132404.7241912 [INFO] [launch_ros.actions.load_composable_nodes]: Loaded node '/right_stereo_camera/right_stereo_camera_node' in container 'nova_container'
1755132404.8588254 [INFO] [launch_ros.actions.load_composable_nodes]: Loaded node '/front_stereo_camera/left/rectify_node' in container 'nova_container'
1755132404.9985421 [INFO] [launch_ros.actions.load_composable_nodes]: Loaded node '/front_stereo_camera/right/rectify_node' in container 'nova_container'
1755132405.3747947 [INFO] [launch_ros.actions.load_composable_nodes]: Loaded node '/front_stereo_camera/ess_node' in container 'nova_container'
1755132405.5163209 [INFO] [launch_ros.actions.load_composable_nodes]: Loaded node '/left_stereo_camera/left/rectify_node' in container 'nova_container'
1755132405.6555052 [INFO] [launch_ros.actions.load_composable_nodes]: Loaded node '/left_stereo_camera/right/rectify_node' in container 'nova_container'
1755132406.0047739 [INFO] [launch_ros.actions.load_composable_nodes]: Loaded node '/left_stereo_camera/ess_node' in container 'nova_container'
1755132406.1417694 [INFO] [launch_ros.actions.load_composable_nodes]: Loaded node '/right_stereo_camera/left/rectify_node' in container 'nova_container'
1755132406.2862182 [INFO] [launch_ros.actions.load_composable_nodes]: Loaded node '/right_stereo_camera/right/rectify_node' in container 'nova_container'
1755132406.6453612 [INFO] [launch_ros.actions.load_composable_nodes]: Loaded node '/right_stereo_camera/ess_node' in container 'nova_container'
1755132406.9077444 [INFO] [launch_ros.actions.load_composable_nodes]: Loaded node '/visual_slam_node' in container 'nova_container'
1755132407.1915209 [INFO] [launch_ros.actions.load_composable_nodes]: Loaded node '/nvblox_node' in container 'nova_container'
1755132407.2619472 [INFO] [launch_ros.actions.load_composable_nodes]: Loaded node '/front_stereo_camera/disparity_to_depth' in container 'nova_container'
1755132407.3135550 [INFO] [launch_ros.actions.load_composable_nodes]: Loaded node '/left_stereo_camera/disparity_to_depth' in container 'nova_container'
1755132407.3645799 [INFO] [launch_ros.actions.load_composable_nodes]: Loaded node '/right_stereo_camera/disparity_to_depth' in container 'nova_container'
1755132423.5052376 [nice-3] [INFO] [1755132423.504704861] [chassis.segway_rmp]: [NitrosNode] Starting post negotiation setup
1755132423.5055408 [nice-3] [INFO] [1755132423.504834013] [chassis.segway_rmp]: [NitrosNode] Getting data format negotiation results
1755132423.5060117 [nice-3] [INFO] [1755132423.504862333] [chassis.segway_rmp]: [NitrosPublisher] Negotiation ended with no results
1755132423.5061543 [nice-3] [INFO] [1755132423.504880733] [chassis.segway_rmp]: [NitrosPublisher] Use only the compatible publisher: topic_name="/chassis/odom", data_format="nitros_odometry"
1755132423.5062504 [nice-3] [INFO] [1755132423.504893405] [chassis.segway_rmp]: [NitrosPublisher] Negotiation ended with no results
1755132423.5063350 [nice-3] [INFO] [1755132423.504901661] [chassis.segway_rmp]: [NitrosPublisher] Use only the compatible publisher: topic_name="/chassis/ticks", data_format="nitros_encoder_ticks"
1755132423.5064158 [nice-3] [INFO] [1755132423.504909853] [chassis.segway_rmp]: [NitrosPublisher] Negotiation ended with no results
1755132423.5064929 [nice-3] [INFO] [1755132423.504916445] [chassis.segway_rmp]: [NitrosPublisher] Use only the compatible publisher: topic_name="/chassis/battery_state", data_format="nitros_battery_state"
1755132423.5065660 [nice-3] [INFO] [1755132423.504925053] [chassis.segway_rmp]: [NitrosPublisher] Negotiation ended with no results
1755132423.5066381 [nice-3] [INFO] [1755132423.504931325] [chassis.segway_rmp]: [NitrosPublisher] Use only the compatible publisher: topic_name="/chassis/imu", data_format="nitros_imu"
1755132423.5067084 [nice-3] [INFO] [1755132423.504943197] [chassis.segway_rmp]: [NitrosSubscriber] Negotiation ended with no results
1755132423.5067775 [nice-3] [INFO] [1755132423.504952285] [chassis.segway_rmp]: [NitrosSubscriber] Use the compatible subscriber: topic_name="/twist_mux/cmd_vel", data_format="nitros_twist"
1755132423.5070772 [nice-3] [INFO] [1755132423.505275005] [chassis.segway_rmp]: [NitrosNode] Exporting the final graph based on the negotiation results
1755132423.5104709 [nice-3] [INFO] [1755132423.510148797] [chassis.segway_rmp]: [NitrosNode] Wrote the final top level YAML graph to "/tmp/isaac_ros_nitros/graphs/HAOKIKGPVN/HAOKIKGPVN.yaml"
1755132423.5106881 [nice-3] [INFO] [1755132423.510220445] [chassis.segway_rmp]: [NitrosNode] Loading application
1755132423.5125415 [nice-3] [33m2025-08-14 00:47:03.512 WARN  gxf/std/yaml_file_loader.cpp@1076: Using unregistered parameter 'transmitter' in component ''.[0m
1755132423.5129428 [nice-3] [INFO] [1755132423.512780509] [chassis.segway_rmp]: [NitrosNode] Initializing and running GXF graph
1755132423.6162083 [nice-3] [INFO] [1755132423.615652952] [chassis.segway_rmp]: [NitrosNode] Node was started
1755132425.7293713 [nice-3] host version build date:[23-09-19]
1755132425.7296138 [nice-3] host version build time:[14:21:54]
1755132425.7296946 [nice-3] create segway folder:/root/segway/
1755132425.7297518 [nice-3] log folder:/root/segway//hardware_log/
1755132425.7298019 [nice-3] Communication interface adding CAN_INTERFACE
1755132425.7298501 [nice-3] Please guarantee the 'canbus_pre.sh' file has been taken into the '/home/sdcard/firmware' directory, if can register has not been configed
1755132425.7298968 [nice-3] HAL CANBUS init success! 
1755132425.7299407 [nice-3]  Scheduler Num 0 Start. Task Num = 1. Period = 100000
1755132425.7299838 [nice-3] Scheduler Num 1 Start. Task Num = 1. Period = 50000
1755132425.7300239 [nice-3] Scheduler Num 2 Start. Task Num = 1. Period = 20000
1755132425.7300637 [nice-3] [33m2025-08-14 00:47:05.728 WARN  extensions/segway/components/segway_driver.cpp@333: No command received for 78053744ms, stopping Segway[0m
1755132429.3848448 [ERROR] [component_container_mt-9]: process has died [pid 89, exit code -11, cmd '/opt/ros/humble/lib/rclcpp_components/component_container_mt --ros-args --log-level info --ros-args -r __node:=nova_container -p type_negotiation_duration_s:=20'].
1755132429.3854859 [INFO] [launch]: process[component_container_mt-9] was required: shutting down launched system
1755132430.4268262 [INFO] [foxglove_bridge-8]: sending signal 'SIGINT' to process[foxglove_bridge-8]
1755132430.4281769 [INFO] [twist_mux-7]: sending signal 'SIGINT' to process[twist_mux-7]
1755132430.4299870 [INFO] [teleop_node-6]: sending signal 'SIGINT' to process[teleop_node-6]
1755132430.4311950 [INFO] [teleop_node-5]: sending signal 'SIGINT' to process[teleop_node-5]
1755132430.4328177 [INFO] [joy_linux_node-4]: sending signal 'SIGINT' to process[joy_linux_node-4]
1755132430.4340236 [INFO] [nice-3]: sending signal 'SIGINT' to process[nice-3]
1755132430.4352078 [INFO] [joint_state_publisher-2]: sending signal 'SIGINT' to process[joint_state_publisher-2]
1755132430.4363718 [INFO] [robot_state_publisher-1]: sending signal 'SIGINT' to process[robot_state_publisher-1]
1755132430.4368937 [twist_mux-7] [INFO] [1755132430.428403238] [rclcpp]: signal_handler(signum=2)
1755132430.4372299 [teleop_node-6] [INFO] [1755132430.430204102] [rclcpp]: signal_handler(signum=2)
1755132430.4375386 [teleop_node-5] [INFO] [1755132430.431402822] [rclcpp]: signal_handler(signum=2)
1755132430.4378400 [joy_linux_node-4] [INFO] [1755132430.433027206] [rclcpp]: signal_handler(signum=2)
1755132430.4379611 [joy_linux_node-4] [INFO] [1755132430.433230342] [joy.joy_linux_node]: joy_node shut down.
1755132430.4382439 [nice-3] [INFO] [1755132430.434214247] [rclcpp]: signal_handler(signum=2)
1755132430.4385369 [robot_state_publisher-1] [INFO] [1755132430.436565319] [rclcpp]: signal_handler(signum=2)
1755132430.4606781 [nice-3] [INFO] [1755132430.459771079] [chassis.segway_rmp]: [NitrosNode] Terminating the running application
1755132430.4611223 [nice-3] [INFO] [1755132430.459808871] [chassis.segway_rmp]: [NitrosContext] Interrupting GXF...
1755132430.5743473 [INFO] [teleop_node-6]: process has finished cleanly [pid 83]
1755132430.5750527 [INFO] [launch]: process[teleop_node-6] was required: shutting down launched system
1755132430.5757322 [INFO] [teleop_node-5]: process has finished cleanly [pid 81]
1755132430.5765886 [ERROR] [launch]: Caught exception in launch (see debug for traceback): Cannot shutdown a ROS adapter that is not running
1755132430.5770907 [INFO] [launch]: process[teleop_node-5] was required: shutting down launched system
1755132430.5777917 [INFO] [twist_mux-7]: process has finished cleanly [pid 85]
1755132430.5779345 [INFO] [joy_linux_node-4]: process has finished cleanly [pid 79]
1755132430.5782268 [ERROR] [launch]: Caught exception in launch (see debug for traceback): Cannot shutdown a ROS adapter that is not running
1755132430.5786552 [INFO] [launch]: process[joy_linux_node-4] was required: shutting down launched system
1755132430.5791426 [ERROR] [launch]: Caught exception in launch (see debug for traceback): Cannot shutdown a ROS adapter that is not running
1755132430.5882268 [INFO] [robot_state_publisher-1]: process has finished cleanly [pid 73]
1755132430.6391356 [INFO] [joint_state_publisher-2]: process has finished cleanly [pid 75]
1755132430.8340116 [nice-3] [INFO] [1755132430.833727474] [chassis.segway_rmp]: [NitrosContext] Waiting on GXF...
1755132430.8342059 [nice-3] [INFO] [1755132430.833773810] [chassis.segway_rmp]: [NitrosContext] Deinitializing...
1755132430.8347821 [nice-3] |==================================================================================================================================================================|
1755132430.8348632 [nice-3] |                                           Job Statistics Report (regular)                                                                                        |
1755132430.8349178 [nice-3] |==================================================================================================================================================================|
1755132430.8349679 [nice-3] | Name                                               |   Count | Time (Median - 90% - Max) [ms] | Load (%) | Exec(ms) | Variation (Median - 90% - Max) [ns]        |
1755132430.8350158 [nice-3] |------------------------------------------------------------------------------------------------------------------------------------------------------------------|
1755132430.8350608 [nice-3] |                      HAOKIKGPVN_sink_battery_state |       4 |     0.03 |     0.06 |     0.07 |    0.0 % |      0.2 |        19840 |        26144 |        79745 |
1755132430.8351040 [nice-3] |                                HAOKIKGPVN_sink_imu |     192 |     0.03 |     0.04 |     0.16 |    0.2 % |      9.5 |         9344 |        14848 |       135488 |
1755132430.8351700 [nice-3] |                           HAOKIKGPVN_sink_odometry |     192 |     0.04 |     0.06 |     0.12 |    0.2 % |      9.9 |        16928 |        21920 |       333056 |
1755132430.8352156 [nice-3] |                      HAOKIKGPVN_sink_encoder_ticks |     193 |     0.04 |     0.05 |     0.53 |    0.2 % |     10.1 |         9857 |        21120 |        70176 |
1755132430.8352578 [nice-3] |                           HAOKIKGPVN_segway_driver |     484 |     0.12 |     0.18 |     4.53 |    2.0 % |     98.3 |        63040 |        70145 |       469104 |
1755132430.8352988 [nice-3] |==================================================================================================================================================================|
1755132430.8353403 [nice-3] |==================================================================================================================================================================|
1755132430.8353808 [nice-3] |                                           Entity Statistics Report (regular)                                                                                     |
1755132430.8354199 [nice-3] |==================================================================================================================================================================|
1755132430.8354588 [nice-3] | Entity Name             | Entity State             |   Count | Time (Median - 90% - Max) [ms]                                                                    |
1755132430.8354988 [nice-3] |------------------------------------------------------------------------------------------------------------------------------------------------------------------|
1755132430.8355381 [nice-3] | HAOKIKGPVN_sink_battery  |              StopPending |       1 |  0.00576 |  0.00576 |  0.00576                                                                   |
1755132430.8355780 [nice-3] | HAOKIKGPVN_sink_battery  |                     Idle |       4 | 1000.03128 | 1008.85517 | 1191.27615                                                                   |
1755132430.8356183 [nice-3] | HAOKIKGPVN_sink_battery  |                  Ticking |       4 |  0.01894 |  0.03968 |  0.05101                                                                   |
1755132430.8356578 [nice-3] | HAOKIKGPVN_sink_battery  |              TickPending |       4 |  0.00842 |  0.01011 |  0.01235                                                                   |
1755132430.8356977 [nice-3] |------------------------------------------------------------------------------------------------------------------------------------------------------------------|
1755132430.8357372 [nice-3] |     HAOKIKGPVN_sink_imu  |              StopPending |       1 |  0.02173 |  0.02173 |  0.02173                                                                   |
1755132430.8357768 [nice-3] |     HAOKIKGPVN_sink_imu  |                     Idle |     192 | 19.98586 | 20.02393 | 414.51976                                                                   |
1755132430.8358152 [nice-3] |     HAOKIKGPVN_sink_imu  |                  Ticking |     192 |  0.01930 |  0.02557 |  0.13408                                                                   |
1755132430.8361363 [nice-3] [INFO] [1755132430.834694258] [chassis.segway_rmp]: [NitrosContext] Destroying context
1755132430.8362525 [nice-3] [INFO] [1755132430.834924562] [chassis.segway_rmp]: [NitrosNode] Application termination done
1755132430.8831260 [foxglove_bridge-8] [ERROR] [1755132430.882627826] [foxglove_bridge]: [WS] handle_accept error: Operation aborted.
1755132430.9081175 [foxglove_bridge-8] [ERROR] [1755132430.907888818] [foxglove_bridge]: [WS] Exception caught when closing connection: Couldn't initialize rcl timer handle: the given context is not valid, either rcl_init() was not called or rcl_shutdown() was called., at ./src/rcl/guard_condition.c:67
1755132430.9097054 [foxglove_bridge-8] [ERROR] [1755132430.909549426] [foxglove_bridge]: [WS] Exception caught when closing connection: Couldn't initialize rcl timer handle: the given context is not valid, either rcl_init() was not called or rcl_shutdown() was called., at ./src/rcl/guard_condition.c:67
1755132430.9113295 [foxglove_bridge-8] [ERROR] [1755132430.911182898] [foxglove_bridge]: [WS] Exception caught when closing connection: Couldn't initialize rcl timer handle: the given context is not valid, either rcl_init() was not called or rcl_shutdown() was called., at ./src/rcl/guard_condition.c:67
1755132430.9129598 [foxglove_bridge-8] [ERROR] [1755132430.912809106] [foxglove_bridge]: [WS] Exception caught when closing connection: Couldn't initialize rcl timer handle: the given context is not valid, either rcl_init() was not called or rcl_shutdown() was called., at ./src/rcl/guard_condition.c:67
1755132430.9812021 [nice-3] |     HAOKIKGPVN_sink_imu  |              TickPending |     192 |  0.00685 |  0.01037 |  0.03546                                                                   |
1755132430.9814222 [nice-3] |------------------------------------------------------------------------------------------------------------------------------------------------------------------|
1755132430.9814866 [nice-3] | HAOKIKGPVN_sink_odometr  |              StopPending |       1 |  0.01946 |  0.01946 |  0.01946                                                                   |
1755132430.9815383 [nice-3] | HAOKIKGPVN_sink_odometr  |                     Idle |     192 | 19.97293 | 20.01066 | 404.25326                                                                   |
1755132430.9815865 [nice-3] | HAOKIKGPVN_sink_odometr  |                  Ticking |     192 |  0.02301 |  0.03654 |  0.09168                                                                   |
1755132430.9816315 [nice-3] | HAOKIKGPVN_sink_odometr  |              TickPending |     192 |  0.01069 |  0.01366 |  0.03734                                                                   |
1755132430.9816744 [nice-3] |------------------------------------------------------------------------------------------------------------------------------------------------------------------|
1755132430.9817166 [nice-3] | HAOKIKGPVN_sink_encoder  |              StopPending |       1 |  0.00621 |  0.00621 |  0.00621                                                                   |
1755132430.9817572 [nice-3] | HAOKIKGPVN_sink_encoder  |                     Idle |     193 | 29.96544 | 30.00333 | 394.13428                                                                   |
1755132430.9817975 [nice-3] | HAOKIKGPVN_sink_encoder  |                  Ticking |     193 |  0.02099 |  0.02717 |  0.49830                                                                   |
1755132430.9818375 [nice-3] | HAOKIKGPVN_sink_encoder  |              TickPending |     193 |  0.00838 |  0.01232 |  0.05779                                                                   |
1755132430.9818773 [nice-3] |------------------------------------------------------------------------------------------------------------------------------------------------------------------|
1755132430.9819171 [nice-3] | HAOKIKGPVN_segway_drive  |              StopPending |       1 | 373.32824 | 373.32824 | 373.32824                                                                   |
1755132430.9819572 [nice-3] | HAOKIKGPVN_segway_drive  |                     Idle |     484 |  9.88541 |  9.90643 | 10.05565                                                                   |
1755132430.9819958 [nice-3] | HAOKIKGPVN_segway_drive  |                  Ticking |     484 |  0.10122 |  0.14266 |  4.48806                                                                   |
1755132430.9820344 [nice-3] | HAOKIKGPVN_segway_drive  |              TickPending |     484 |  0.01306 |  0.02029 |  0.09005                                                                   |
1755132430.9820733 [nice-3] |------------------------------------------------------------------------------------------------------------------------------------------------------------------|
1755132430.9821379 [nice-3] |==================================================================================================================================================================|
1755132431.0223372 [INFO] [nice-3]: process has finished cleanly [pid 77]
1755132431.2878916 [ERROR] [foxglove_bridge-8]: process has died [pid 87, exit code -11, cmd '/opt/ros/humble/lib/foxglove_bridge/foxglove_bridge --ros-args --log-level ERROR --ros-args -p type_negotiation_duration_s:=20 --params-file /tmp/launch_params_6dowy822'].
